ERC report (2025-03-04T19:31:04-0600, Encoding UTF8)

***** Sheet /
[lib_symbol_mismatch]: Symbol 'TIP41C' doesn't match copy in library 'Transistor_BJT'
    ; warning
    @(5100 mils, 5900 mils): Symbol Q7 [TIP41C]
[lib_symbol_mismatch]: Symbol 'TIP41C' doesn't match copy in library 'Transistor_BJT'
    ; warning
    @(5100 mils, 4700 mils): Symbol Q5 [TIP41C]
[lib_symbol_mismatch]: Symbol 'LED' doesn't match copy in library 'Device'
    ; warning
    @(4300 mils, 5250 mils): Symbol LED3 [LED]
[lib_symbol_mismatch]: Symbol 'LED' doesn't match copy in library 'Device'
    ; warning
    @(4300 mils, 2650 mils): Symbol LED1 [LED]
[lib_symbol_mismatch]: Symbol 'TIP41C' doesn't match copy in library 'Transistor_BJT'
    ; warning
    @(5100 mils, 3300 mils): Symbol Q3 [TIP41C]
[lib_symbol_mismatch]: Symbol 'TIP41C' doesn't match copy in library 'Transistor_BJT'
    ; warning
    @(5100 mils, 2100 mils): Symbol Q1 [TIP41C]
[power_pin_not_driven]: Input Power pin not driven by any Output Power pins
    ; error
    @(1250 mils, 2050 mils): Symbol #PWR04 Pin 1 [Power input, Line]
[no_connect_connected]: A pin with a “no connection” flag is connected
    ; warning
    @(1350 mils, 2750 mils): Symbol J3 Pin 5 [Pin_5, Passive, Line]
    @(850 mils, 2750 mils): No Connect
[no_connect_connected]: A pin with a “no connection” flag is connected
    ; warning
    @(1350 mils, 2850 mils): Symbol J3 Pin 6 [Pin_6, Passive, Line]
    @(850 mils, 2850 mils): No Connect
[multiple_net_names]: Both VCC and Vin are attached to the same items; VCC will be used in the netlist
    ; warning
    @(1050 mils, 1050 mils): Symbol #PWR01 Pin 1 [Power input, Line]
    @(1050 mils, 1050 mils): Label 'Vin'
[power_pin_not_driven]: Input Power pin not driven by any Output Power pins
    ; error
    @(1050 mils, 1050 mils): Symbol #PWR01 Pin 1 [Power input, Line]
[power_pin_not_driven]: Input Power pin not driven by any Output Power pins
    ; error
    @(1250 mils, 1050 mils): Symbol #PWR03 Pin 1 [Power input, Line]
[power_pin_not_driven]: Input Power pin not driven by any Output Power pins
    ; error
    @(1150 mils, 1050 mils): Symbol #PWR02 Pin 1 [Power input, Line]
[multiple_net_names]: Both D10~ and *10 are attached to the same items; D10~ will be used in the netlist
    ; warning
    @(9550 mils, 4450 mils): Global Label 'D10~'
    @(2950 mils, 1750 mils): Label '*10'
[multiple_net_names]: Both D9~ and *9 are attached to the same items; D9~ will be used in the netlist
    ; warning
    @(9550 mils, 4200 mils): Global Label 'D9~'
    @(2950 mils, 1850 mils): Label '*9'
[multiple_net_names]: Both D11~ and *11 are attached to the same items; D11~ will be used in the netlist
    ; warning
    @(9550 mils, 4650 mils): Global Label 'D11~'
    @(2950 mils, 1650 mils): Label '*11'
[multiple_net_names]: Both D8 and 8 are attached to the same items; D8 will be used in the netlist
    ; warning
    @(9550 mils, 4000 mils): Global Label 'D8'
    @(2950 mils, 1950 mils): Label '8'
[multiple_net_names]: Both D3~ and *3 are attached to the same items; D3~ will be used in the netlist
    ; warning
    @(9550 mils, 3050 mils): Global Label 'D3~'
    @(2950 mils, 2750 mils): Label '*3'
[multiple_net_names]: Both D6~ and *6 are attached to the same items; D6~ will be used in the netlist
    ; warning
    @(9550 mils, 3550 mils): Global Label 'D6~'
    @(2950 mils, 2450 mils): Label '*6'
[multiple_net_names]: Both D7 and 7 are attached to the same items; D7 will be used in the netlist
    ; warning
    @(9550 mils, 3750 mils): Global Label 'D7'
    @(2950 mils, 2350 mils): Label '7'
[multiple_net_names]: Both D5~ and *5 are attached to the same items; D5~ will be used in the netlist
    ; warning
    @(9550 mils, 3250 mils): Global Label 'D5~'
    @(2950 mils, 2550 mils): Label '*5'
[lib_symbol_issues]: The current configuration does not include the symbol library 'pspice'
    ; warning
    @(8400 mils, 2100 mils): Symbol D2 [DIODE]
[lib_symbol_issues]: The current configuration does not include the symbol library 'pspice'
    ; warning
    @(8400 mils, 3300 mils): Symbol D4 [DIODE]
[lib_symbol_mismatch]: Symbol 'LED' doesn't match copy in library 'Device'
    ; warning
    @(10600 mils, 2100 mils): Symbol LED13 [LED]
[lib_symbol_issues]: The current configuration does not include the symbol library 'pspice'
    ; warning
    @(9150 mils, 1500 mils): Symbol D9 [DIODE]
[lib_symbol_issues]: The current configuration does not include the symbol library 'pspice'
    ; warning
    @(5650 mils, 5900 mils): Symbol D7 [DIODE]
[lib_symbol_issues]: The current configuration does not include the symbol library 'pspice'
    ; warning
    @(5650 mils, 4700 mils): Symbol D5 [DIODE]
[lib_symbol_mismatch]: Symbol 'LED' doesn't match copy in library 'Device'
    ; warning
    @(6850 mils, 2650 mils): Symbol LED2 [LED]
[lib_symbol_mismatch]: Symbol 'TIP41C' doesn't match copy in library 'Transistor_BJT'
    ; warning
    @(7750 mils, 3300 mils): Symbol Q4 [TIP41C]
[lib_symbol_issues]: The current configuration does not include the symbol library 'pspice'
    ; warning
    @(5650 mils, 3300 mils): Symbol D3 [DIODE]
[lib_symbol_issues]: The current configuration does not include the symbol library 'pspice'
    ; warning
    @(5650 mils, 2100 mils): Symbol D1 [DIODE]
[lib_symbol_mismatch]: Symbol 'TIP41C' doesn't match copy in library 'Transistor_BJT'
    ; warning
    @(7750 mils, 2100 mils): Symbol Q2 [TIP41C]
[lib_symbol_mismatch]: Symbol 'TIP41C' doesn't match copy in library 'Transistor_BJT'
    ; warning
    @(7750 mils, 5900 mils): Symbol Q8 [TIP41C]
[lib_symbol_issues]: The current configuration does not include the symbol library 'pspice'
    ; warning
    @(8400 mils, 4700 mils): Symbol D6 [DIODE]
[lib_symbol_mismatch]: Symbol 'LED' doesn't match copy in library 'Device'
    ; warning
    @(6850 mils, 5250 mils): Symbol LED4 [LED]
[lib_symbol_mismatch]: Symbol 'TIP41C' doesn't match copy in library 'Transistor_BJT'
    ; warning
    @(7750 mils, 4700 mils): Symbol Q6 [TIP41C]
[lib_symbol_issues]: The current configuration does not include the symbol library 'pspice'
    ; warning
    @(8400 mils, 5900 mils): Symbol D8 [DIODE]

 ** ERC messages: 37  Errors 4  Warnings 33
